2018-02-27 10:25:56,712 [7] INFO  - [Start] FileName v1pi20au.rki
2018-02-27 10:25:56,713 [7] INFO  - [Launch command] ipfs add -t v1pi20au.rki
2018-02-27 10:25:57,065 [7] INFO  - [End] Hash QmdmSdW69e3CrW5gDwJ4E1wtrqnAwYTUbM37RPWfkopwag / FileSize 4030249
2018-02-27 10:32:15,115 [7] INFO  - [Start] FileName yhlwmnao.j0i
2018-02-27 10:32:15,115 [7] INFO  - [Launch command] ipfs add -t yhlwmnao.j0i
2018-02-27 10:32:15,357 [7] INFO  - [End] Hash QmdmSdW69e3CrW5gDwJ4E1wtrqnAwYTUbM37RPWfkopwag / FileSize 4030249
2018-02-27 10:44:39,439 [7] INFO  - [Start] FileName h2o2dyds.dgg
2018-02-27 10:44:39,439 [7] INFO  - [Launch command] ipfs add -t h2o2dyds.dgg
2018-02-27 10:44:39,781 [7] INFO  - [End] Hash QmdmSdW69e3CrW5gDwJ4E1wtrqnAwYTUbM37RPWfkopwag / FileSize 4030249
2018-02-27 10:47:04,133 [18] INFO  - [Start] FileName fvpkq15c.ocq
2018-02-27 10:47:04,134 [18] INFO  - [Launch command] ipfs add -t fvpkq15c.ocq
2018-02-27 10:47:04,378 [18] INFO  - [End] Hash QmdmSdW69e3CrW5gDwJ4E1wtrqnAwYTUbM37RPWfkopwag / FileSize 4030249
2018-02-27 11:09:22,445 [6] INFO  - [Start] FileName nomasuc3.fxy
2018-02-27 11:09:22,446 [6] INFO  - [Launch command] ipfs add -t nomasuc3.fxy
2018-02-27 11:09:22,687 [6] INFO  - [End] Hash QmdmSdW69e3CrW5gDwJ4E1wtrqnAwYTUbM37RPWfkopwag / FileSize 4030249
2018-02-27 11:10:59,109 [24] INFO  - [Start] FileName d1qqnxod.dgg
2018-02-27 11:10:59,110 [24] INFO  - [Launch command] ipfs add -t d1qqnxod.dgg
2018-02-27 11:10:59,354 [24] INFO  - [End] Hash QmdmSdW69e3CrW5gDwJ4E1wtrqnAwYTUbM37RPWfkopwag / FileSize 4030249
2018-02-27 11:13:25,368 [24] INFO  - [Start] FileName cbcaehiy.mp4
2018-02-27 11:13:25,368 [24] INFO  - [Launch command] ipfs add -t cbcaehiy.mp4
2018-02-27 11:13:25,610 [24] INFO  - [End] Hash QmPnKuXZtgZVv9WCfXk3r1qf1crp57bLH1DvoqiA7E5KQp / FileSize 3474583
2018-02-27 11:13:26,610 [24] INFO  - [Start] FileName sufm3uny.mp4
2018-02-27 11:13:26,610 [24] INFO  - [Launch command] ipfs add -t sufm3uny.mp4
2018-02-27 11:13:26,950 [24] INFO  - [End] Hash QmQxxc2Agmh1JTtEMgAuXHb3Vc2GxnrFX6UwkhV2RGtx2w / FileSize 6236607
2018-02-27 11:13:27,950 [24] INFO  - [Start] FileName 3rscnwlz.jpeg
2018-02-27 11:13:27,950 [24] INFO  - [Launch command] ipfs add -t 3rscnwlz.jpeg
2018-02-27 11:13:28,194 [24] INFO  - [End] Hash QmeLtwVLETdXGqSS5L87JTe3tvVSz2mannxnpPUSJ4nvxS / FileSize 256880
2018-02-27 11:16:09,215 [24] INFO  - [Start] FileName 44soshrs.rde
2018-02-27 11:16:09,215 [24] INFO  - [Launch command] ipfs add -t 44soshrs.rde
2018-02-27 11:16:09,458 [24] INFO  - [End] Hash QmdmSdW69e3CrW5gDwJ4E1wtrqnAwYTUbM37RPWfkopwag / FileSize 4030249
2018-02-27 11:16:15,458 [24] INFO  - [Start] FileName opdm2cbc.mp4
2018-02-27 11:16:15,459 [24] INFO  - [Launch command] ipfs add -t opdm2cbc.mp4
2018-02-27 11:16:15,701 [24] INFO  - [End] Hash QmPnKuXZtgZVv9WCfXk3r1qf1crp57bLH1DvoqiA7E5KQp / FileSize 3474583
2018-02-27 11:16:16,701 [24] INFO  - [Start] FileName euppemay.mp4
2018-02-27 11:16:16,702 [24] INFO  - [Launch command] ipfs add -t euppemay.mp4
2018-02-27 11:16:16,941 [24] INFO  - [End] Hash QmQxxc2Agmh1JTtEMgAuXHb3Vc2GxnrFX6UwkhV2RGtx2w / FileSize 6236607
2018-02-27 11:16:17,942 [24] INFO  - [Start] FileName j3l1gg2m.jpeg
2018-02-27 11:16:17,942 [24] INFO  - [Launch command] ipfs add -t j3l1gg2m.jpeg
2018-02-27 11:16:18,085 [24] INFO  - [End] Hash QmeLtwVLETdXGqSS5L87JTe3tvVSz2mannxnpPUSJ4nvxS / FileSize 256880
2018-02-27 11:21:10,121 [24] INFO  - [Start] FileName zg4vndw1.rc0
2018-02-27 11:21:10,121 [24] INFO  - [Launch command] ipfs add -t zg4vndw1.rc0
2018-02-27 11:21:10,366 [24] INFO  - [End] Hash QmdmSdW69e3CrW5gDwJ4E1wtrqnAwYTUbM37RPWfkopwag / FileSize 4030249
2018-02-27 11:21:15,367 [24] INFO  - [Start] FileName sz3dnscm.mp4
2018-02-27 11:21:15,367 [24] INFO  - [Launch command] ipfs add -t sz3dnscm.mp4
2018-02-27 11:21:15,610 [24] INFO  - [End] Hash QmPnKuXZtgZVv9WCfXk3r1qf1crp57bLH1DvoqiA7E5KQp / FileSize 3474583
2018-02-27 11:21:16,611 [24] INFO  - [Start] FileName t0goktei.mp4
2018-02-27 11:21:16,611 [24] INFO  - [Launch command] ipfs add -t t0goktei.mp4
2018-02-27 11:21:16,850 [24] INFO  - [End] Hash QmQxxc2Agmh1JTtEMgAuXHb3Vc2GxnrFX6UwkhV2RGtx2w / FileSize 6236607
2018-02-27 11:21:17,850 [24] INFO  - [Start] FileName o2ufnsi2.jpeg
2018-02-27 11:21:17,850 [24] INFO  - [Launch command] ipfs add -t o2ufnsi2.jpeg
2018-02-27 11:21:17,993 [24] INFO  - [End] Hash QmeLtwVLETdXGqSS5L87JTe3tvVSz2mannxnpPUSJ4nvxS / FileSize 256880
2018-02-27 18:07:52,634 [24] INFO  - [Start] FileName qmglfo5k.dgw
2018-02-27 18:07:52,634 [24] INFO  - [Launch command] ipfs add -t qmglfo5k.dgw
2018-02-27 18:07:52,978 [24] INFO  - [End] Hash QmdmSdW69e3CrW5gDwJ4E1wtrqnAwYTUbM37RPWfkopwag / FileSize 4030249
2018-02-27 18:07:57,980 [24] INFO  - [Start] FileName 5nvsreko.mp4
2018-02-27 18:07:57,980 [24] INFO  - [Launch command] ipfs add -t 5nvsreko.mp4
2018-02-27 18:07:58,221 [24] INFO  - [End] Hash QmPnKuXZtgZVv9WCfXk3r1qf1crp57bLH1DvoqiA7E5KQp / FileSize 3474583
2018-02-27 18:07:59,221 [24] INFO  - [Start] FileName xdszrxov.mp4
2018-02-27 18:07:59,222 [24] INFO  - [Launch command] ipfs add -t xdszrxov.mp4
2018-02-27 18:07:59,461 [24] INFO  - [End] Hash QmQxxc2Agmh1JTtEMgAuXHb3Vc2GxnrFX6UwkhV2RGtx2w / FileSize 6236607
2018-02-27 18:08:00,461 [24] INFO  - [Start] FileName aa4q5pgz.jpeg
2018-02-27 18:08:00,462 [24] INFO  - [Launch command] ipfs add -t aa4q5pgz.jpeg
2018-02-27 18:08:00,706 [24] INFO  - [End] Hash QmeLtwVLETdXGqSS5L87JTe3tvVSz2mannxnpPUSJ4nvxS / FileSize 256880
2018-02-27 18:22:00,803 [24] INFO  - [Start] FileName kba2n3vq.mvc
2018-02-27 18:22:00,803 [24] INFO  - [Launch command] ipfs add -t kba2n3vq.mvc
2018-02-27 18:22:01,146 [24] INFO  - [End] Hash QmdmSdW69e3CrW5gDwJ4E1wtrqnAwYTUbM37RPWfkopwag / FileSize 4030249
2018-02-27 18:22:07,147 [24] INFO  - [Start] FileName m4jhgi1k.mp4
2018-02-27 18:22:07,147 [24] INFO  - [Launch command] ipfs add -t m4jhgi1k.mp4
2018-02-27 18:22:07,389 [24] INFO  - [End] Hash QmPnKuXZtgZVv9WCfXk3r1qf1crp57bLH1DvoqiA7E5KQp / FileSize 3474583
2018-02-27 18:22:08,389 [24] INFO  - [Start] FileName u042mluv.mp4
2018-02-27 18:22:08,389 [24] INFO  - [Launch command] ipfs add -t u042mluv.mp4
2018-02-27 18:22:08,730 [24] INFO  - [End] Hash QmQxxc2Agmh1JTtEMgAuXHb3Vc2GxnrFX6UwkhV2RGtx2w / FileSize 6236607
2018-02-27 18:22:09,730 [24] INFO  - [Start] FileName neemq3yf.jpeg
2018-02-27 18:22:09,730 [24] INFO  - [Launch command] ipfs add -t neemq3yf.jpeg
2018-02-27 18:22:09,974 [24] INFO  - [End] Hash QmeLtwVLETdXGqSS5L87JTe3tvVSz2mannxnpPUSJ4nvxS / FileSize 256880
2018-02-27 18:23:53,989 [24] INFO  - [Start] FileName h1xz3ybm.1yw
2018-02-27 18:23:53,989 [24] INFO  - [Launch command] ipfs add -t h1xz3ybm.1yw
2018-02-27 18:23:54,233 [24] INFO  - [End] Hash QmdmSdW69e3CrW5gDwJ4E1wtrqnAwYTUbM37RPWfkopwag / FileSize 4030249
2018-02-27 18:23:59,235 [24] INFO  - [Start] FileName 1j0qhqj5.mp4
2018-02-27 18:23:59,235 [24] INFO  - [Launch command] ipfs add -t 1j0qhqj5.mp4
2018-02-27 18:23:59,481 [24] INFO  - [End] Hash QmPnKuXZtgZVv9WCfXk3r1qf1crp57bLH1DvoqiA7E5KQp / FileSize 3474583
2018-02-27 18:24:00,481 [24] INFO  - [Start] FileName ulqkijaj.mp4
2018-02-27 18:24:00,481 [24] INFO  - [Launch command] ipfs add -t ulqkijaj.mp4
2018-02-27 18:24:00,822 [24] INFO  - [End] Hash QmQxxc2Agmh1JTtEMgAuXHb3Vc2GxnrFX6UwkhV2RGtx2w / FileSize 6236607
2018-02-27 18:24:01,822 [24] INFO  - [Start] FileName sfto5dur.jpeg
2018-02-27 18:24:01,822 [24] INFO  - [Launch command] ipfs add -t sfto5dur.jpeg
2018-02-27 18:24:01,965 [24] INFO  - [End] Hash QmeLtwVLETdXGqSS5L87JTe3tvVSz2mannxnpPUSJ4nvxS / FileSize 256880
