2018-02-27 10:25:56,561 [17] INFO  - [Launch command] ffprobe -v error -of default=nw=1 -show_entries stream_tags=rotate:format=size,duration:stream=index,codec_name,pix_fmt,height,width,duration,nb_frames,avg_frame_rate,bit_rate v1pi20au.rki
2018-02-27 10:25:56,631 [17] ERROR - [Error source info] Error while getting duration, height or width. FileName : v1pi20au.rki
2018-02-27 10:32:15,032 [20] INFO  - [Launch command] ffprobe -v error -of default=nw=1 -show_entries stream_tags=rotate:format=size,duration:stream=index,codec_name,pix_fmt,height,width,duration,nb_frames,avg_frame_rate,bit_rate yhlwmnao.j0i
2018-02-27 10:32:15,032 [20] ERROR - [Error source info] Error while getting duration, height or width. FileName : yhlwmnao.j0i
2018-02-27 10:44:39,235 [23] INFO  - [Launch command] ffprobe -v error -of default=nw=1 -show_entries stream_tags=rotate:format=size,duration:stream=index,codec_name,pix_fmt,height,width,duration,nb_frames,avg_frame_rate,bit_rate h2o2dyds.dgg
2018-02-27 10:44:39,377 [23] INFO  - [Info source] SourceVideoDuration 45 / SourceVideoFileSize 4030249
2018-02-27 10:47:03,674 [20] INFO  - [Launch command] ffprobe -v error -of default=nw=1 -show_entries stream_tags=rotate:format=size,duration:stream=index,codec_name,pix_fmt,height,width,duration,nb_frames,avg_frame_rate,bit_rate fvpkq15c.ocq
2018-02-27 10:47:03,855 [20] INFO  - [Info source] SourceVideoDuration 45 / SourceVideoFileSize 4030249
2018-02-27 11:09:21,565 [18] INFO  - [Launch command] ffprobe -v error -of default=nw=1 -show_entries stream_tags=rotate:format=size,duration:stream=index,codec_name,pix_fmt,height,width,duration,nb_frames,avg_frame_rate,bit_rate nomasuc3.fxy
2018-02-27 11:09:21,763 [18] INFO  - [Info source] SourceVideoDuration 45 / SourceVideoFileSize 4030249
2018-02-27 11:10:58,435 [28] INFO  - [Launch command] ffprobe -v error -of default=nw=1 -show_entries stream_tags=rotate:format=size,duration:stream=index,codec_name,pix_fmt,height,width,duration,nb_frames,avg_frame_rate,bit_rate d1qqnxod.dgg
2018-02-27 11:10:58,632 [28] INFO  - [Info source] SourceVideoDuration 45 / SourceVideoFileSize 4030249
2018-02-27 11:10:59,106 [7] INFO  - [Start AudioCpuEncoding] SourceFilePath d1qqnxod.dgg
2018-02-27 11:10:59,115 [7] INFO  - [End AudioCpuEncoding] OutputFileName 0k2svh44.mp4 / FileSize 4030249 / Format Source
2018-02-27 11:11:00,110 [20] INFO  - [Start VideoGpuEncoding] SourceFilePath 0k2svh44.mp4 -> 1:N formats
2018-02-27 11:11:00,119 [20] INFO  - [Launch command] ffmpeg -y -hwaccel cuvid -vcodec h264_cuvid -vsync 0 -i 0k2svh44.mp4 -vf scale_npp=854:480 -b:v 500k -maxrate 500k -bufsize 500k -vcodec h264_nvenc -acodec copy cbcaehiy.mp4 -vf scale_npp=1280:720 -b:v 1000k -maxrate 1000k -bufsize 1000k -vcodec h264_nvenc -acodec copy sufm3uny.mp4
2018-02-27 11:13:24,873 [20] INFO  - [End VideoGpuEncoding] OutputFileName cbcaehiy.mp4 / FileSize 3474583 / Format F480p
2018-02-27 11:13:24,873 [20] INFO  - [End VideoGpuEncoding] OutputFileName sufm3uny.mp4 / FileSize 6236607 / Format F720p
2018-02-27 11:16:08,308 [25] INFO  - [Launch command] ffprobe -v error -of default=nw=1 -show_entries stream_tags=rotate:format=size,duration:stream=index,codec_name,pix_fmt,height,width,duration,nb_frames,avg_frame_rate,bit_rate 44soshrs.rde
2018-02-27 11:16:08,449 [25] INFO  - [Info source] SourceVideoDuration 45 / SourceVideoFileSize 4030249
2018-02-27 11:16:09,131 [6] INFO  - [Start AudioCpuEncoding] SourceFilePath 44soshrs.rde
2018-02-27 11:16:09,137 [6] INFO  - [End AudioCpuEncoding] OutputFileName 0pctxnpg.mp4 / FileSize 4030249 / Format Source
2018-02-27 11:16:09,898 [20] INFO  - [Start VideoGpuEncoding] SourceFilePath 0pctxnpg.mp4 -> 1:N formats
2018-02-27 11:16:09,898 [20] INFO  - [Launch command] ffmpeg -y -hwaccel cuvid -vcodec h264_cuvid -vsync 0 -i 0pctxnpg.mp4 -vf scale_npp=854:480 -b:v 500k -maxrate 500k -bufsize 500k -vcodec h264_nvenc -acodec copy opdm2cbc.mp4 -vf scale_npp=1280:720 -b:v 1000k -maxrate 1000k -bufsize 1000k -vcodec h264_nvenc -acodec copy euppemay.mp4
2018-02-27 11:16:14,656 [20] INFO  - [End VideoGpuEncoding] OutputFileName opdm2cbc.mp4 / FileSize 3474583 / Format F480p
2018-02-27 11:16:14,656 [20] INFO  - [End VideoGpuEncoding] OutputFileName euppemay.mp4 / FileSize 6236607 / Format F720p
2018-02-27 11:21:09,470 [26] INFO  - [Launch command] ffprobe -v error -of default=nw=1 -show_entries stream_tags=rotate:format=size,duration:stream=index,codec_name,pix_fmt,height,width,duration,nb_frames,avg_frame_rate,bit_rate zg4vndw1.rc0
2018-02-27 11:21:09,613 [26] INFO  - [Info source] SourceVideoDuration 45 / SourceVideoFileSize 4030249
2018-02-27 11:21:10,168 [6] INFO  - [Start AudioCpuEncoding] SourceFilePath zg4vndw1.rc0
2018-02-27 11:21:10,174 [6] INFO  - [End AudioCpuEncoding] OutputFileName eo1so5ql.mp4 / FileSize 4030249 / Format Source
2018-02-27 11:21:10,692 [20] INFO  - [Start VideoGpuEncoding] SourceFilePath eo1so5ql.mp4 -> 1:N formats
2018-02-27 11:21:10,693 [20] INFO  - [Launch command] ffmpeg -y -hwaccel cuvid -vcodec h264_cuvid -vsync 0 -i eo1so5ql.mp4 -vf scale_npp=854:480 -b:v 500k -maxrate 500k -bufsize 500k -vcodec h264_nvenc -acodec copy sz3dnscm.mp4 -vf scale_npp=1280:720 -b:v 1000k -maxrate 1000k -bufsize 1000k -vcodec h264_nvenc -acodec copy t0goktei.mp4
2018-02-27 11:21:15,253 [20] INFO  - [End VideoGpuEncoding] OutputFileName sz3dnscm.mp4 / FileSize 3474583 / Format F480p
2018-02-27 11:21:15,253 [20] INFO  - [End VideoGpuEncoding] OutputFileName t0goktei.mp4 / FileSize 6236607 / Format F720p
2018-02-27 18:07:52,410 [29] INFO  - [Launch command] ffprobe -v error -of default=nw=1 -show_entries stream_tags=rotate:format=size,duration:stream=index,codec_name,pix_fmt,height,width,duration,nb_frames,avg_frame_rate,bit_rate qmglfo5k.dgw
2018-02-27 18:07:52,553 [29] INFO  - [Info source] SourceVideoDuration 45 / SourceVideoFileSize 4030249
2018-02-27 18:07:52,823 [6] INFO  - [Start AudioCpuEncoding] SourceFilePath qmglfo5k.dgw
2018-02-27 18:07:52,829 [6] INFO  - [End AudioCpuEncoding] OutputFileName vpvvjgu4.mp4 / FileSize 4030249 / Format Source
2018-02-27 18:07:52,839 [20] INFO  - [Start VideoGpuEncoding] SourceFilePath vpvvjgu4.mp4 -> 1:N formats
2018-02-27 18:07:52,839 [20] INFO  - [Launch command] ffmpeg -y -hwaccel cuvid -vcodec h264_cuvid -vsync 0 -i vpvvjgu4.mp4 -vf scale_npp=854:480 -b:v 500k -maxrate 500k -bufsize 500k -vcodec h264_nvenc -acodec copy 5nvsreko.mp4 -vf scale_npp=1280:720 -b:v 1000k -maxrate 1000k -bufsize 1000k -vcodec h264_nvenc -acodec copy xdszrxov.mp4
2018-02-27 18:07:57,503 [20] INFO  - [End VideoGpuEncoding] OutputFileName 5nvsreko.mp4 / FileSize 3474583 / Format F480p
2018-02-27 18:07:57,503 [20] INFO  - [End VideoGpuEncoding] OutputFileName xdszrxov.mp4 / FileSize 6236607 / Format F720p
2018-02-27 18:22:00,749 [35] INFO  - [Launch command] ffprobe -v error -of default=nw=1 -show_entries stream_tags=rotate:format=size,duration:stream=index,codec_name,pix_fmt,height,width,duration,nb_frames,avg_frame_rate,bit_rate kba2n3vq.mvc
2018-02-27 18:22:00,894 [35] INFO  - [Info source] SourceVideoDuration 45 / SourceVideoFileSize 4030249
2018-02-27 18:22:00,920 [6] INFO  - [Start AudioCpuEncoding] SourceFilePath kba2n3vq.mvc
2018-02-27 18:22:00,927 [6] INFO  - [End AudioCpuEncoding] OutputFileName rih3m4ak.mp4 / FileSize 4030249 / Format Source
2018-02-27 18:22:01,600 [20] INFO  - [Start VideoGpuEncoding] SourceFilePath rih3m4ak.mp4 -> 1:N formats
2018-02-27 18:22:01,600 [20] INFO  - [Launch command] ffmpeg -y -hwaccel cuvid -vcodec h264_cuvid -vsync 0 -i rih3m4ak.mp4 -vf scale_npp=854:480 -b:v 500k -maxrate 500k -bufsize 500k -vcodec h264_nvenc -acodec copy m4jhgi1k.mp4 -vf scale_npp=1280:720 -b:v 1000k -maxrate 1000k -bufsize 1000k -vcodec h264_nvenc -acodec copy u042mluv.mp4
2018-02-27 18:22:06,257 [20] INFO  - [End VideoGpuEncoding] OutputFileName m4jhgi1k.mp4 / FileSize 3474583 / Format F480p
2018-02-27 18:22:06,258 [20] INFO  - [End VideoGpuEncoding] OutputFileName u042mluv.mp4 / FileSize 6236607 / Format F720p
2018-02-27 18:23:53,411 [35] INFO  - [Launch command] ffprobe -v error -of default=nw=1 -show_entries stream_tags=rotate:format=size,duration:stream=index,codec_name,pix_fmt,height,width,duration,nb_frames,avg_frame_rate,bit_rate h1xz3ybm.1yw
2018-02-27 18:23:53,554 [35] INFO  - [Info source] SourceVideoDuration 45 / SourceVideoFileSize 4030249
2018-02-27 18:23:53,936 [7] INFO  - [Start AudioCpuEncoding] SourceFilePath h1xz3ybm.1yw
2018-02-27 18:23:53,942 [7] INFO  - [End AudioCpuEncoding] OutputFileName vu225d4a.mp4 / FileSize 4030249 / Format Source
2018-02-27 18:23:54,271 [20] INFO  - [Start VideoGpuEncoding] SourceFilePath vu225d4a.mp4 -> 1:N formats
2018-02-27 18:23:54,271 [20] INFO  - [Launch command] ffmpeg -y -hwaccel cuvid -vcodec h264_cuvid -vsync 0 -i vu225d4a.mp4 -vf scale_npp=854:480 -b:v 500k -maxrate 500k -bufsize 500k -vcodec h264_nvenc -acodec copy 1j0qhqj5.mp4 -vf scale_npp=1280:720 -b:v 1000k -maxrate 1000k -bufsize 1000k -vcodec h264_nvenc -acodec copy ulqkijaj.mp4
2018-02-27 18:23:58,829 [20] INFO  - [End VideoGpuEncoding] OutputFileName 1j0qhqj5.mp4 / FileSize 3474583 / Format F480p
2018-02-27 18:23:58,829 [20] INFO  - [End VideoGpuEncoding] OutputFileName ulqkijaj.mp4 / FileSize 6236607 / Format F720p
